


------
test------


	---Rodada n° 1




------
odif------


	---Rodada n° 1




------
teste------


	---Rodada n° 1




------
teste------


	---Rodada n° 1




init caete --- 12 PLSs
--init-time--Thu Sep 26 05:40:33 2019

--CAETE-in-filled--Thu Sep 26 05:40:34 2019
Iniciando multiprocessing - fila única
Elapsed time in model run:  83.390288 seconds

Modelo aplicado a 2513 localidades-- 12 PLSs
Em: Thu Sep 26 05:41:57 2019files_saved in 2.349564 seconds
end_run Thu Sep 26 05:41:59 2019



------
oi------


	---Rodada n° 1




init caete --- 12 PLSs
--init-time--Sat Sep 28 06:29:32 2019

--CAETE-in-filled--Sat Sep 28 06:29:32 2019
Iniciando multiprocessing - fila única



------
hdssj------


	---Rodada n° 1




init caete --- 12 PLSs
--init-time--Thu Nov 28 11:16:58 2019

--CAETE-in-filled--Thu Nov 28 11:16:58 2019
Iniciando multiprocessing - fila única
