


------
teste------


	---Rodada n° 1




------
i------


	---Rodada n° 1




------
ss------


	---Rodada n° 1




------
ss------


	---Rodada n° 1




------
sss------


	---Rodada n° 1




------
s------


	---Rodada n° 1




------
s------


	---Rodada n° 1




------
ss------


	---Rodada n° 1




------
sss------


	---Rodada n° 1




------
sss------


	---Rodada n° 1




------
dfhfg------


	---Rodada n° 1




------
ghfg------


	---Rodada n° 1




------
teste LAI------


	---Rodada n° 1




------
ieohre------


	---Rodada n° 1




------
1------


	---Rodada n° 1




------
kdfj------


	---Rodada n° 1

